<?xml version="1.0" encoding="UTF-8"?>
<testsuite xmlns:xsi="http://www.w3.org/2001/XMLSchema-instance" xsi:noNamespaceSchemaLocation="https://maven.apache.org/surefire/maven-surefire-plugin/xsd/surefire-test-report.xsd" version="3.0.2" name="com.example.TliasManagementApplicationTests" time="4.013" tests="1" errors="0" skipped="0" failures="0">
  <properties>
    <property name="java.specification.version" value="18"/>
    <property name="sun.cpu.isalist" value="amd64"/>
    <property name="sun.jnu.encoding" value="GBK"/>
    <property name="java.class.path" value="D:\TrainCode\JavaWeb study\tlias-management\target\test-classes;D:\TrainCode\JavaWeb study\tlias-management\target\classes;E:\maven-repository\org\springframework\boot\spring-boot-starter-web\3.4.2\spring-boot-starter-web-3.4.2.jar;E:\maven-repository\org\springframework\boot\spring-boot-starter\3.4.2\spring-boot-starter-3.4.2.jar;E:\maven-repository\org\springframework\boot\spring-boot\3.4.2\spring-boot-3.4.2.jar;E:\maven-repository\org\springframework\boot\spring-boot-autoconfigure\3.4.2\spring-boot-autoconfigure-3.4.2.jar;E:\maven-repository\org\springframework\boot\spring-boot-starter-logging\3.4.2\spring-boot-starter-logging-3.4.2.jar;E:\maven-repository\ch\qos\logback\logback-classic\1.5.16\logback-classic-1.5.16.jar;E:\maven-repository\ch\qos\logback\logback-core\1.5.16\logback-core-1.5.16.jar;E:\maven-repository\org\apache\logging\log4j\log4j-to-slf4j\2.24.3\log4j-to-slf4j-2.24.3.jar;E:\maven-repository\org\apache\logging\log4j\log4j-api\2.24.3\log4j-api-2.24.3.jar;E:\maven-repository\org\slf4j\jul-to-slf4j\2.0.16\jul-to-slf4j-2.0.16.jar;E:\maven-repository\jakarta\annotation\jakarta.annotation-api\2.1.1\jakarta.annotation-api-2.1.1.jar;E:\maven-repository\org\yaml\snakeyaml\2.3\snakeyaml-2.3.jar;E:\maven-repository\org\springframework\boot\spring-boot-starter-json\3.4.2\spring-boot-starter-json-3.4.2.jar;E:\maven-repository\com\fasterxml\jackson\core\jackson-databind\2.18.2\jackson-databind-2.18.2.jar;E:\maven-repository\com\fasterxml\jackson\core\jackson-annotations\2.18.2\jackson-annotations-2.18.2.jar;E:\maven-repository\com\fasterxml\jackson\core\jackson-core\2.18.2\jackson-core-2.18.2.jar;E:\maven-repository\com\fasterxml\jackson\datatype\jackson-datatype-jdk8\2.18.2\jackson-datatype-jdk8-2.18.2.jar;E:\maven-repository\com\fasterxml\jackson\datatype\jackson-datatype-jsr310\2.18.2\jackson-datatype-jsr310-2.18.2.jar;E:\maven-repository\com\fasterxml\jackson\module\jackson-module-parameter-names\2.18.2\jackson-module-parameter-names-2.18.2.jar;E:\maven-repository\org\springframework\boot\spring-boot-starter-tomcat\3.4.2\spring-boot-starter-tomcat-3.4.2.jar;E:\maven-repository\org\apache\tomcat\embed\tomcat-embed-core\10.1.34\tomcat-embed-core-10.1.34.jar;E:\maven-repository\org\apache\tomcat\embed\tomcat-embed-el\10.1.34\tomcat-embed-el-10.1.34.jar;E:\maven-repository\org\apache\tomcat\embed\tomcat-embed-websocket\10.1.34\tomcat-embed-websocket-10.1.34.jar;E:\maven-repository\org\springframework\spring-web\6.2.2\spring-web-6.2.2.jar;E:\maven-repository\org\springframework\spring-beans\6.2.2\spring-beans-6.2.2.jar;E:\maven-repository\io\micrometer\micrometer-observation\1.14.3\micrometer-observation-1.14.3.jar;E:\maven-repository\io\micrometer\micrometer-commons\1.14.3\micrometer-commons-1.14.3.jar;E:\maven-repository\org\springframework\spring-webmvc\6.2.2\spring-webmvc-6.2.2.jar;E:\maven-repository\org\springframework\spring-aop\6.2.2\spring-aop-6.2.2.jar;E:\maven-repository\org\springframework\spring-context\6.2.2\spring-context-6.2.2.jar;E:\maven-repository\org\springframework\spring-expression\6.2.2\spring-expression-6.2.2.jar;E:\maven-repository\org\mybatis\spring\boot\mybatis-spring-boot-starter\3.0.4\mybatis-spring-boot-starter-3.0.4.jar;E:\maven-repository\org\springframework\boot\spring-boot-starter-jdbc\3.4.2\spring-boot-starter-jdbc-3.4.2.jar;E:\maven-repository\com\zaxxer\HikariCP\5.1.0\HikariCP-5.1.0.jar;E:\maven-repository\org\springframework\spring-jdbc\6.2.2\spring-jdbc-6.2.2.jar;E:\maven-repository\org\mybatis\spring\boot\mybatis-spring-boot-autoconfigure\3.0.4\mybatis-spring-boot-autoconfigure-3.0.4.jar;E:\maven-repository\org\mybatis\mybatis\3.5.17\mybatis-3.5.17.jar;E:\maven-repository\org\mybatis\mybatis-spring\3.0.4\mybatis-spring-3.0.4.jar;E:\maven-repository\com\mysql\mysql-connector-j\9.1.0\mysql-connector-j-9.1.0.jar;E:\maven-repository\org\projectlombok\lombok\1.18.36\lombok-1.18.36.jar;E:\maven-repository\org\springframework\boot\spring-boot-starter-test\3.4.2\spring-boot-starter-test-3.4.2.jar;E:\maven-repository\org\springframework\boot\spring-boot-test\3.4.2\spring-boot-test-3.4.2.jar;E:\maven-repository\org\springframework\boot\spring-boot-test-autoconfigure\3.4.2\spring-boot-test-autoconfigure-3.4.2.jar;E:\maven-repository\com\jayway\jsonpath\json-path\2.9.0\json-path-2.9.0.jar;E:\maven-repository\org\slf4j\slf4j-api\2.0.16\slf4j-api-2.0.16.jar;E:\maven-repository\jakarta\xml\bind\jakarta.xml.bind-api\4.0.2\jakarta.xml.bind-api-4.0.2.jar;E:\maven-repository\jakarta\activation\jakarta.activation-api\2.1.3\jakarta.activation-api-2.1.3.jar;E:\maven-repository\net\minidev\json-smart\2.5.1\json-smart-2.5.1.jar;E:\maven-repository\net\minidev\accessors-smart\2.5.1\accessors-smart-2.5.1.jar;E:\maven-repository\org\ow2\asm\asm\9.6\asm-9.6.jar;E:\maven-repository\org\assertj\assertj-core\3.26.3\assertj-core-3.26.3.jar;E:\maven-repository\net\bytebuddy\byte-buddy\1.15.11\byte-buddy-1.15.11.jar;E:\maven-repository\org\awaitility\awaitility\4.2.2\awaitility-4.2.2.jar;E:\maven-repository\org\hamcrest\hamcrest\2.2\hamcrest-2.2.jar;E:\maven-repository\org\junit\jupiter\junit-jupiter\5.11.4\junit-jupiter-5.11.4.jar;E:\maven-repository\org\junit\jupiter\junit-jupiter-api\5.11.4\junit-jupiter-api-5.11.4.jar;E:\maven-repository\org\opentest4j\opentest4j\1.3.0\opentest4j-1.3.0.jar;E:\maven-repository\org\junit\platform\junit-platform-commons\1.11.4\junit-platform-commons-1.11.4.jar;E:\maven-repository\org\apiguardian\apiguardian-api\1.1.2\apiguardian-api-1.1.2.jar;E:\maven-repository\org\junit\jupiter\junit-jupiter-params\5.11.4\junit-jupiter-params-5.11.4.jar;E:\maven-repository\org\junit\jupiter\junit-jupiter-engine\5.11.4\junit-jupiter-engine-5.11.4.jar;E:\maven-repository\org\junit\platform\junit-platform-engine\1.11.4\junit-platform-engine-1.11.4.jar;E:\maven-repository\org\mockito\mockito-core\5.14.2\mockito-core-5.14.2.jar;E:\maven-repository\net\bytebuddy\byte-buddy-agent\1.15.11\byte-buddy-agent-1.15.11.jar;E:\maven-repository\org\objenesis\objenesis\3.3\objenesis-3.3.jar;E:\maven-repository\org\mockito\mockito-junit-jupiter\5.14.2\mockito-junit-jupiter-5.14.2.jar;E:\maven-repository\org\skyscreamer\jsonassert\1.5.3\jsonassert-1.5.3.jar;E:\maven-repository\com\vaadin\external\google\android-json\0.0.20131108.vaadin1\android-json-0.0.20131108.vaadin1.jar;E:\maven-repository\org\springframework\spring-core\6.2.2\spring-core-6.2.2.jar;E:\maven-repository\org\springframework\spring-jcl\6.2.2\spring-jcl-6.2.2.jar;E:\maven-repository\org\springframework\spring-test\6.2.2\spring-test-6.2.2.jar;E:\maven-repository\org\xmlunit\xmlunit-core\2.10.0\xmlunit-core-2.10.0.jar;E:\maven-repository\org\mybatis\spring\boot\mybatis-spring-boot-starter-test\3.0.4\mybatis-spring-boot-starter-test-3.0.4.jar;E:\maven-repository\org\mybatis\spring\boot\mybatis-spring-boot-test-autoconfigure\3.0.4\mybatis-spring-boot-test-autoconfigure-3.0.4.jar;E:\maven-repository\org\springframework\spring-tx\6.2.2\spring-tx-6.2.2.jar;"/>
    <property name="java.vm.vendor" value="Oracle Corporation"/>
    <property name="sun.arch.data.model" value="64"/>
    <property name="user.variant" value=""/>
    <property name="java.vendor.url" value="https://java.oracle.com/"/>
    <property name="user.timezone" value="Asia/Hong_Kong"/>
    <property name="os.name" value="Windows 10"/>
    <property name="java.vm.specification.version" value="18"/>
    <property name="APPLICATION_NAME" value="tlias-management"/>
    <property name="sun.java.launcher" value="SUN_STANDARD"/>
    <property name="user.country" value="CN"/>
    <property name="sun.boot.library.path" value="C:\Program Files\Java\jdk-18.0.2.1\bin"/>
    <property name="sun.java.command" value="D:\Temp\surefire7259943763885281514\surefirebooter-20250217115558822_3.jar D:\Temp\surefire7259943763885281514 2025-02-17T11-55-55_171-jvmRun1 surefire-20250217115558822_1tmp surefire_0-20250217115558822_2tmp"/>
    <property name="jdk.debug" value="release"/>
    <property name="surefire.test.class.path" value="D:\TrainCode\JavaWeb study\tlias-management\target\test-classes;D:\TrainCode\JavaWeb study\tlias-management\target\classes;E:\maven-repository\org\springframework\boot\spring-boot-starter-web\3.4.2\spring-boot-starter-web-3.4.2.jar;E:\maven-repository\org\springframework\boot\spring-boot-starter\3.4.2\spring-boot-starter-3.4.2.jar;E:\maven-repository\org\springframework\boot\spring-boot\3.4.2\spring-boot-3.4.2.jar;E:\maven-repository\org\springframework\boot\spring-boot-autoconfigure\3.4.2\spring-boot-autoconfigure-3.4.2.jar;E:\maven-repository\org\springframework\boot\spring-boot-starter-logging\3.4.2\spring-boot-starter-logging-3.4.2.jar;E:\maven-repository\ch\qos\logback\logback-classic\1.5.16\logback-classic-1.5.16.jar;E:\maven-repository\ch\qos\logback\logback-core\1.5.16\logback-core-1.5.16.jar;E:\maven-repository\org\apache\logging\log4j\log4j-to-slf4j\2.24.3\log4j-to-slf4j-2.24.3.jar;E:\maven-repository\org\apache\logging\log4j\log4j-api\2.24.3\log4j-api-2.24.3.jar;E:\maven-repository\org\slf4j\jul-to-slf4j\2.0.16\jul-to-slf4j-2.0.16.jar;E:\maven-repository\jakarta\annotation\jakarta.annotation-api\2.1.1\jakarta.annotation-api-2.1.1.jar;E:\maven-repository\org\yaml\snakeyaml\2.3\snakeyaml-2.3.jar;E:\maven-repository\org\springframework\boot\spring-boot-starter-json\3.4.2\spring-boot-starter-json-3.4.2.jar;E:\maven-repository\com\fasterxml\jackson\core\jackson-databind\2.18.2\jackson-databind-2.18.2.jar;E:\maven-repository\com\fasterxml\jackson\core\jackson-annotations\2.18.2\jackson-annotations-2.18.2.jar;E:\maven-repository\com\fasterxml\jackson\core\jackson-core\2.18.2\jackson-core-2.18.2.jar;E:\maven-repository\com\fasterxml\jackson\datatype\jackson-datatype-jdk8\2.18.2\jackson-datatype-jdk8-2.18.2.jar;E:\maven-repository\com\fasterxml\jackson\datatype\jackson-datatype-jsr310\2.18.2\jackson-datatype-jsr310-2.18.2.jar;E:\maven-repository\com\fasterxml\jackson\module\jackson-module-parameter-names\2.18.2\jackson-module-parameter-names-2.18.2.jar;E:\maven-repository\org\springframework\boot\spring-boot-starter-tomcat\3.4.2\spring-boot-starter-tomcat-3.4.2.jar;E:\maven-repository\org\apache\tomcat\embed\tomcat-embed-core\10.1.34\tomcat-embed-core-10.1.34.jar;E:\maven-repository\org\apache\tomcat\embed\tomcat-embed-el\10.1.34\tomcat-embed-el-10.1.34.jar;E:\maven-repository\org\apache\tomcat\embed\tomcat-embed-websocket\10.1.34\tomcat-embed-websocket-10.1.34.jar;E:\maven-repository\org\springframework\spring-web\6.2.2\spring-web-6.2.2.jar;E:\maven-repository\org\springframework\spring-beans\6.2.2\spring-beans-6.2.2.jar;E:\maven-repository\io\micrometer\micrometer-observation\1.14.3\micrometer-observation-1.14.3.jar;E:\maven-repository\io\micrometer\micrometer-commons\1.14.3\micrometer-commons-1.14.3.jar;E:\maven-repository\org\springframework\spring-webmvc\6.2.2\spring-webmvc-6.2.2.jar;E:\maven-repository\org\springframework\spring-aop\6.2.2\spring-aop-6.2.2.jar;E:\maven-repository\org\springframework\spring-context\6.2.2\spring-context-6.2.2.jar;E:\maven-repository\org\springframework\spring-expression\6.2.2\spring-expression-6.2.2.jar;E:\maven-repository\org\mybatis\spring\boot\mybatis-spring-boot-starter\3.0.4\mybatis-spring-boot-starter-3.0.4.jar;E:\maven-repository\org\springframework\boot\spring-boot-starter-jdbc\3.4.2\spring-boot-starter-jdbc-3.4.2.jar;E:\maven-repository\com\zaxxer\HikariCP\5.1.0\HikariCP-5.1.0.jar;E:\maven-repository\org\springframework\spring-jdbc\6.2.2\spring-jdbc-6.2.2.jar;E:\maven-repository\org\mybatis\spring\boot\mybatis-spring-boot-autoconfigure\3.0.4\mybatis-spring-boot-autoconfigure-3.0.4.jar;E:\maven-repository\org\mybatis\mybatis\3.5.17\mybatis-3.5.17.jar;E:\maven-repository\org\mybatis\mybatis-spring\3.0.4\mybatis-spring-3.0.4.jar;E:\maven-repository\com\mysql\mysql-connector-j\9.1.0\mysql-connector-j-9.1.0.jar;E:\maven-repository\org\projectlombok\lombok\1.18.36\lombok-1.18.36.jar;E:\maven-repository\org\springframework\boot\spring-boot-starter-test\3.4.2\spring-boot-starter-test-3.4.2.jar;E:\maven-repository\org\springframework\boot\spring-boot-test\3.4.2\spring-boot-test-3.4.2.jar;E:\maven-repository\org\springframework\boot\spring-boot-test-autoconfigure\3.4.2\spring-boot-test-autoconfigure-3.4.2.jar;E:\maven-repository\com\jayway\jsonpath\json-path\2.9.0\json-path-2.9.0.jar;E:\maven-repository\org\slf4j\slf4j-api\2.0.16\slf4j-api-2.0.16.jar;E:\maven-repository\jakarta\xml\bind\jakarta.xml.bind-api\4.0.2\jakarta.xml.bind-api-4.0.2.jar;E:\maven-repository\jakarta\activation\jakarta.activation-api\2.1.3\jakarta.activation-api-2.1.3.jar;E:\maven-repository\net\minidev\json-smart\2.5.1\json-smart-2.5.1.jar;E:\maven-repository\net\minidev\accessors-smart\2.5.1\accessors-smart-2.5.1.jar;E:\maven-repository\org\ow2\asm\asm\9.6\asm-9.6.jar;E:\maven-repository\org\assertj\assertj-core\3.26.3\assertj-core-3.26.3.jar;E:\maven-repository\net\bytebuddy\byte-buddy\1.15.11\byte-buddy-1.15.11.jar;E:\maven-repository\org\awaitility\awaitility\4.2.2\awaitility-4.2.2.jar;E:\maven-repository\org\hamcrest\hamcrest\2.2\hamcrest-2.2.jar;E:\maven-repository\org\junit\jupiter\junit-jupiter\5.11.4\junit-jupiter-5.11.4.jar;E:\maven-repository\org\junit\jupiter\junit-jupiter-api\5.11.4\junit-jupiter-api-5.11.4.jar;E:\maven-repository\org\opentest4j\opentest4j\1.3.0\opentest4j-1.3.0.jar;E:\maven-repository\org\junit\platform\junit-platform-commons\1.11.4\junit-platform-commons-1.11.4.jar;E:\maven-repository\org\apiguardian\apiguardian-api\1.1.2\apiguardian-api-1.1.2.jar;E:\maven-repository\org\junit\jupiter\junit-jupiter-params\5.11.4\junit-jupiter-params-5.11.4.jar;E:\maven-repository\org\junit\jupiter\junit-jupiter-engine\5.11.4\junit-jupiter-engine-5.11.4.jar;E:\maven-repository\org\junit\platform\junit-platform-engine\1.11.4\junit-platform-engine-1.11.4.jar;E:\maven-repository\org\mockito\mockito-core\5.14.2\mockito-core-5.14.2.jar;E:\maven-repository\net\bytebuddy\byte-buddy-agent\1.15.11\byte-buddy-agent-1.15.11.jar;E:\maven-repository\org\objenesis\objenesis\3.3\objenesis-3.3.jar;E:\maven-repository\org\mockito\mockito-junit-jupiter\5.14.2\mockito-junit-jupiter-5.14.2.jar;E:\maven-repository\org\skyscreamer\jsonassert\1.5.3\jsonassert-1.5.3.jar;E:\maven-repository\com\vaadin\external\google\android-json\0.0.20131108.vaadin1\android-json-0.0.20131108.vaadin1.jar;E:\maven-repository\org\springframework\spring-core\6.2.2\spring-core-6.2.2.jar;E:\maven-repository\org\springframework\spring-jcl\6.2.2\spring-jcl-6.2.2.jar;E:\maven-repository\org\springframework\spring-test\6.2.2\spring-test-6.2.2.jar;E:\maven-repository\org\xmlunit\xmlunit-core\2.10.0\xmlunit-core-2.10.0.jar;E:\maven-repository\org\mybatis\spring\boot\mybatis-spring-boot-starter-test\3.0.4\mybatis-spring-boot-starter-test-3.0.4.jar;E:\maven-repository\org\mybatis\spring\boot\mybatis-spring-boot-test-autoconfigure\3.0.4\mybatis-spring-boot-test-autoconfigure-3.0.4.jar;E:\maven-repository\org\springframework\spring-tx\6.2.2\spring-tx-6.2.2.jar;"/>
    <property name="sun.cpu.endian" value="little"/>
    <property name="user.home" value="C:\Users\Asa"/>
    <property name="user.language" value="zh"/>
    <property name="java.specification.vendor" value="Oracle Corporation"/>
    <property name="java.version.date" value="2022-08-18"/>
    <property name="java.home" value="C:\Program Files\Java\jdk-18.0.2.1"/>
    <property name="file.separator" value="\"/>
    <property name="basedir" value="D:\TrainCode\JavaWeb study\tlias-management"/>
    <property name="java.vm.compressedOopsMode" value="Zero based"/>
    <property name="line.separator" value="&#10;"/>
    <property name="java.vm.specification.vendor" value="Oracle Corporation"/>
    <property name="java.specification.name" value="Java Platform API Specification"/>
    <property name="FILE_LOG_CHARSET" value="UTF-8"/>
    <property name="java.awt.headless" value="true"/>
    <property name="surefire.real.class.path" value="D:\Temp\surefire7259943763885281514\surefirebooter-20250217115558822_3.jar"/>
    <property name="user.script" value=""/>
    <property name="sun.management.compiler" value="HotSpot 64-Bit Tiered Compilers"/>
    <property name="java.runtime.version" value="18.0.2.1+1-1"/>
    <property name="user.name" value="Asa"/>
    <property name="path.separator" value=";"/>
    <property name="os.version" value="10.0"/>
    <property name="java.runtime.name" value="Java(TM) SE Runtime Environment"/>
    <property name="file.encoding" value="UTF-8"/>
    <property name="java.vm.name" value="Java HotSpot(TM) 64-Bit Server VM"/>
    <property name="localRepository" value="E:\maven-repository"/>
    <property name="java.vendor.url.bug" value="https://bugreport.java.com/bugreport/"/>
    <property name="java.io.tmpdir" value="D:\Temp\"/>
    <property name="idea.version" value="2023.2.2"/>
    <property name="java.version" value="18.0.2.1"/>
    <property name="user.dir" value="D:\TrainCode\JavaWeb study\tlias-management"/>
    <property name="os.arch" value="amd64"/>
    <property name="java.vm.specification.name" value="Java Virtual Machine Specification"/>
    <property name="PID" value="10784"/>
    <property name="sun.os.patch.level" value=""/>
    <property name="CONSOLE_LOG_CHARSET" value="UTF-8"/>
    <property name="native.encoding" value="GBK"/>
    <property name="java.library.path" value="C:\Program Files\Java\jdk-18.0.2.1\bin;C:\Windows\Sun\Java\bin;C:\Windows\system32;C:\Windows;C:\Program Files\Common Files\Oracle\Java\javapath;C:\Program Files (x86)\Common Files\Oracle\Java\java8path;C:\Program Files (x86)\Common Files\Oracle\Java\javapath;F:\VMware Workstation\bin\;C:\Windows\system32;C:\Windows;C:\Windows\System32\Wbem;C:\Windows\System32\WindowsPowerShell\v1.0\;C:\Windows\System32\OpenSSH\;C:\Program Files (x86)\NVIDIA Corporation\PhysX\Common;C:\Program Files\dotnet\;&quot;C:\Program Files\Java\jdk-18.0.2.1\bin;C:\Program Files\Java\jdk-18.0.2.1\jre\bin;&quot;;D:\MinGW\bin;F:\phpstudy_pro\Extensions\MySQL5.7.26\bin;E:\MATLAB R2020a\runtime\win64;E:\MATLAB R2020a\bin;E:\MATLAB R2020a\polyspace\bin;D:\Git\cmd;C:\Program Files\Microsoft SQL Server\Client SDK\ODBC\170\Tools\Binn\;E:\SQL Server 2019\150\Tools\Binn\;C:\Program Files\Microsoft SQL Server\150\Tools\Binn\;C:\Program Files\Microsoft SQL Server\150\DTS\Binn\;E:\SQL Server 2019\150\DTS\Binn\;C:\Program Files\Azure Data Studio\bin;C:\Program Files\MySQL\MySQL Server 8.0\bin;E:\apache-maven-3.9.5\bin;D:\nodejs\;D:\nodejs\node_cache;D:\nodejs\node_cache;D:\Xshell7\;D:\Xftp 7\;D:\Pyhton27;;C:\Program Files\NVIDIA Corporation\NVIDIA app\NvDLISR;F:\python39\Scripts\;F:\python39\;C:\Users\Asa\AppData\Local\Microsoft\WindowsApps;E:\PyCharm 2022.2\bin;;E:\IntelliJ IDEA 2021.1.32\IntelliJ IDEA 2021.1.3\bin;;F:\Microsoft VS Code\bin;D:\MinGW\bin;E:\PhpStorm 2022.2\bin;;C:\Program Files\Azure Data Studio\bin;E:\apache-maven-3.9.5\bin;D:\nodejs\node_global;D:\nodejs\node_cache;;C:\Users\Asa\AppData\Roaming\Programs\Zero Install;C:\Users\Asa\.lmstudio\bin;."/>
    <property name="java.vm.info" value="mixed mode, sharing"/>
    <property name="java.vendor" value="Oracle Corporation"/>
    <property name="java.vm.version" value="18.0.2.1+1-1"/>
    <property name="sun.io.unicode.encoding" value="UnicodeLittle"/>
    <property name="java.class.version" value="62.0"/>
    <property name="LOGGED_APPLICATION_NAME" value="[tlias-management] "/>
  </properties>
  <testcase name="contextLoads" classname="com.example.TliasManagementApplicationTests" time="1.023">
    <system-out><![CDATA[11:55:59.775 [main] INFO org.springframework.test.context.support.AnnotationConfigContextLoaderUtils -- Could not detect default configuration classes for test class [com.example.TliasManagementApplicationTests]: TliasManagementApplicationTests does not declare any static, non-private, non-final, nested classes annotated with @Configuration.
11:55:59.921 [main] INFO org.springframework.boot.test.context.SpringBootTestContextBootstrapper -- Found @SpringBootConfiguration com.example.TliasManagementApplication for test class com.example.TliasManagementApplicationTests

  .   ____          _            __ _ _
 /\\ / ___'_ __ _ _(_)_ __  __ _ \ \ \ \
( ( )\___ | '_ | '_| | '_ \/ _` | \ \ \ \
 \\/  ___)| |_)| | | | | || (_| |  ) ) ) )
  '  |____| .__|_| |_|_| |_\__, | / / / /
 =========|_|==============|___/=/_/_/_/

 :: Spring Boot ::                (v3.4.2)

2025-02-17T11:56:00.543+08:00  INFO 10784 --- [tlias-management] [           main] c.e.TliasManagementApplicationTests      : Starting TliasManagementApplicationTests using Java 18.0.2.1 with PID 10784 (started by Asa in D:\TrainCode\JavaWeb study\tlias-management)
2025-02-17T11:56:00.544+08:00  INFO 10784 --- [tlias-management] [           main] c.e.TliasManagementApplicationTests      : No active profile set, falling back to 1 default profile: "default"
Logging initialized using 'class org.apache.ibatis.logging.stdout.StdOutImpl' adapter.
2025-02-17T11:56:02.528+08:00  INFO 10784 --- [tlias-management] [           main] c.e.TliasManagementApplicationTests      : Started TliasManagementApplicationTests in 2.396 seconds (process running for 3.547)
]]></system-out>
  </testcase>
</testsuite>